dpkg-buildpackage: info: source package hardening-lsm
dpkg-buildpackage: info: source version 1.0.0-1
dpkg-buildpackage: info: source distribution unstable
dpkg-buildpackage: info: source changed by Alessio <alessio@linux.com>
 dpkg-source --before-build .
dpkg-buildpackage: info: host architecture amd64
 fakeroot debian/rules clean
rm -rf debian/hardening-lsm
rm -f debian/files
 dpkg-source -b .
dpkg-source: warning: no source format specified in debian/source/format, see dpkg-source(1)
dpkg-source: info: using source format '1.0'
dpkg-source: info: building hardening-lsm using existing hardening-lsm_1.0.0.orig.tar.gz
dpkg-source: info: building hardening-lsm in hardening-lsm_1.0.0-1.diff.gz
dpkg-source: warning: the diff modifies the following upstream files: 
 build.log
dpkg-source: info: use the '3.0 (quilt)' format to have separate and documented changes to upstream files, see dpkg-source(1)
dpkg-source: info: building hardening-lsm in hardening-lsm_1.0.0-1.dsc
 debian/rules build
# Nothing to build - kernel module built via DKMS
 fakeroot debian/rules binary
# Architecture-dependent packages
# Create directories
mkdir -p debian/hardening-lsm/usr/src/hardening-lsm-1.0.0
mkdir -p debian/hardening-lsm/usr/bin
mkdir -p debian/hardening-lsm/usr/share/doc/hardening-lsm/examples
mkdir -p debian/hardening-lsm/DEBIAN
# Copy source files for DKMS
cp -r *.c *.h Makefile Kconfig debian/hardening-lsm/usr/src/hardening-lsm-1.0.0/
cp packaging/dkms/dkms.conf debian/hardening-lsm/usr/src/hardening-lsm-1.0.0/
# Copy tools
cp -r tools/* debian/hardening-lsm/usr/bin/
chmod +x debian/hardening-lsm/usr/bin/*
# Copy documentation
cp README.md debian/hardening-lsm/usr/share/doc/hardening-lsm/
cp -r examples/* debian/hardening-lsm/usr/share/doc/hardening-lsm/examples/
# Create control file
mkdir -p debian/hardening-lsm/DEBIAN
cp debian/control.simple debian/hardening-lsm/DEBIAN/control
# Create package
dpkg-deb --build debian/hardening-lsm ..
dpkg-deb: building package 'hardening-lsm' in '../hardening-lsm_1.0.0-1_all.deb'.
 dpkg-genbuildinfo -O../hardening-lsm_1.0.0-1_amd64.buildinfo
dpkg-genbuildinfo: error: binary build with no binary artifacts found; .buildinfo is meaningless
dpkg-buildpackage: error: dpkg-genbuildinfo -O../hardening-lsm_1.0.0-1_amd64.buildinfo subprocess returned exit status 25
